<?xml version="1.0" encoding="UTF-8"?>
<testng-results ignored="0" total="4" passed="3" failed="1" skipped="0">
  <reporter-output>
  </reporter-output>
  <suite started-at="2022-10-05T10:21:23 IST" name="Suite" finished-at="2022-10-05T10:22:00 IST" duration-ms="37030">
    <groups>
      <group name="Chrome">
        <method signature="GroupTest.launchChrome()[pri:0, instance:com.parallel.practice.GroupTest@5a59ca5e]" name="launchChrome" class="com.parallel.practice.GroupTest"/>
        <method signature="GroupTest.loginWithChrome()[pri:0, instance:com.parallel.practice.GroupTest@5a59ca5e]" name="loginWithChrome" class="com.parallel.practice.GroupTest"/>
      </group> <!-- Chrome -->
      <group name="Firefox">
        <method signature="GroupTest.launchFireFox()[pri:0, instance:com.parallel.practice.GroupTest@5a59ca5e]" name="launchFireFox" class="com.parallel.practice.GroupTest"/>
        <method signature="GroupTest.loginWithFireFox()[pri:0, instance:com.parallel.practice.GroupTest@5a59ca5e]" name="loginWithFireFox" class="com.parallel.practice.GroupTest"/>
      </group> <!-- Firefox -->
    </groups>
    <test started-at="2022-10-05T10:21:23 IST" name="Test" finished-at="2022-10-05T10:22:00 IST" duration-ms="37030">
      <class name="com.parallel.practice.GroupTest">
        <test-method signature="launchChrome()[pri:0, instance:com.parallel.practice.GroupTest@5a59ca5e]" started-at="2022-10-05T10:21:23 IST" name="launchChrome" finished-at="2022-10-05T10:21:37 IST" duration-ms="13659" status="PASS">
          <reporter-output>
          </reporter-output>
        </test-method> <!-- launchChrome -->
        <test-method signature="launchFireFox()[pri:0, instance:com.parallel.practice.GroupTest@5a59ca5e]" started-at="2022-10-05T10:21:37 IST" name="launchFireFox" finished-at="2022-10-05T10:21:58 IST" duration-ms="21657" status="PASS">
          <reporter-output>
          </reporter-output>
        </test-method> <!-- launchFireFox -->
        <test-method signature="loginWithChrome()[pri:0, instance:com.parallel.practice.GroupTest@5a59ca5e]" started-at="2022-10-05T10:21:58 IST" name="loginWithChrome" finished-at="2022-10-05T10:21:59 IST" depends-on-methods="com.parallel.practice.GroupTest.launchChrome" duration-ms="512" status="PASS">
          <reporter-output>
          </reporter-output>
        </test-method> <!-- loginWithChrome -->
        <test-method signature="loginWithFireFox()[pri:0, instance:com.parallel.practice.GroupTest@5a59ca5e]" started-at="2022-10-05T10:21:59 IST" name="loginWithFireFox" finished-at="2022-10-05T10:22:00 IST" depends-on-methods="com.parallel.practice.GroupTest.launchFireFox" duration-ms="979" status="FAIL">
          <exception class="org.openqa.selenium.ElementNotInteractableException">
            <message>
              <![CDATA[Element <input id="pass" class="inputtext _55r1 _6luy _9npi" name="pass" type="password"> is not reachable by keyboard
Build info: version: 'unknown', revision: 'unknown', time: 'unknown'
System info: host: 'DESKTOP-6MP55UK', ip: '192.168.29.176', os.name: 'Windows 10', os.arch: 'amd64', os.version: '10.0', java.version: '17.0.4.1'
Driver info: org.openqa.selenium.firefox.FirefoxDriver
Capabilities [{moz:profile=C:\Users\BOOBAL~1\AppData\Local\Temp\rust_mozprofilebA0tmL, moz:geckodriverVersion=0.31.0, timeouts={implicit=0.0, pageLoad=300000.0, script=30000.0}, pageLoadStrategy=normal, unhandledPromptBehavior=dismiss and notify, strictFileInteractability=false, moz:headless=false, moz:windowless=false, platform=ANY, proxy=Proxy(), moz:accessibilityChecks=false, moz:useNonSpecCompliantPointerOrigin=false, acceptInsecureCerts=false, browserVersion=105.0.1, moz:shutdownTimeout=60000.0, moz:processID=7952.0, browserName=firefox, moz:buildID=20220922151854, javascriptEnabled=true, moz:platformVersion=10.0, platformName=windows, setWindowRect=true, moz:webdriverClick=true}]
Session ID: e226125e-0b43-4c68-8dc2-b50fa967994d]]>
            </message>
            <full-stacktrace>
              <![CDATA[org.openqa.selenium.ElementNotInteractableException: Element <input id="pass" class="inputtext _55r1 _6luy _9npi" name="pass" type="password"> is not reachable by keyboard
Build info: version: 'unknown', revision: 'unknown', time: 'unknown'
System info: host: 'DESKTOP-6MP55UK', ip: '192.168.29.176', os.name: 'Windows 10', os.arch: 'amd64', os.version: '10.0', java.version: '17.0.4.1'
Driver info: org.openqa.selenium.firefox.FirefoxDriver
Capabilities [{moz:profile=C:\Users\BOOBAL~1\AppData\Local\Temp\rust_mozprofilebA0tmL, moz:geckodriverVersion=0.31.0, timeouts={implicit=0.0, pageLoad=300000.0, script=30000.0}, pageLoadStrategy=normal, unhandledPromptBehavior=dismiss and notify, strictFileInteractability=false, moz:headless=false, moz:windowless=false, platform=ANY, proxy=Proxy(), moz:accessibilityChecks=false, moz:useNonSpecCompliantPointerOrigin=false, acceptInsecureCerts=false, browserVersion=105.0.1, moz:shutdownTimeout=60000.0, moz:processID=7952.0, browserName=firefox, moz:buildID=20220922151854, javascriptEnabled=true, moz:platformVersion=10.0, platformName=windows, setWindowRect=true, moz:webdriverClick=true}]
Session ID: e226125e-0b43-4c68-8dc2-b50fa967994d
at java.base/jdk.internal.reflect.NativeConstructorAccessorImpl.newInstance0(Native Method)
at java.base/jdk.internal.reflect.NativeConstructorAccessorImpl.newInstance(NativeConstructorAccessorImpl.java:77)
at java.base/jdk.internal.reflect.DelegatingConstructorAccessorImpl.newInstance(DelegatingConstructorAccessorImpl.java:45)
at java.base/java.lang.reflect.Constructor.newInstanceWithCaller(Constructor.java:499)
at java.base/java.lang.reflect.Constructor.newInstance(Constructor.java:480)
at org.openqa.selenium.remote.http.W3CHttpResponseCodec.createException(W3CHttpResponseCodec.java:185)
at org.openqa.selenium.remote.http.W3CHttpResponseCodec.decode(W3CHttpResponseCodec.java:120)
at org.openqa.selenium.remote.http.W3CHttpResponseCodec.decode(W3CHttpResponseCodec.java:49)
at org.openqa.selenium.remote.HttpCommandExecutor.execute(HttpCommandExecutor.java:164)
at org.openqa.selenium.remote.service.DriverCommandExecutor.execute(DriverCommandExecutor.java:82)
at org.openqa.selenium.remote.RemoteWebDriver.execute(RemoteWebDriver.java:641)
at org.openqa.selenium.remote.RemoteWebElement.execute(RemoteWebElement.java:275)
at org.openqa.selenium.remote.RemoteWebElement.sendKeys(RemoteWebElement.java:99)
at com.parallel.practice.GroupTest.loginWithFireFox(GroupTest.java:59)
at java.base/jdk.internal.reflect.NativeMethodAccessorImpl.invoke0(Native Method)
at java.base/jdk.internal.reflect.NativeMethodAccessorImpl.invoke(NativeMethodAccessorImpl.java:77)
at java.base/jdk.internal.reflect.DelegatingMethodAccessorImpl.invoke(DelegatingMethodAccessorImpl.java:43)
at java.base/java.lang.reflect.Method.invoke(Method.java:568)
at org.testng.internal.invokers.MethodInvocationHelper.invokeMethod(MethodInvocationHelper.java:135)
at org.testng.internal.invokers.TestInvoker.invokeMethod(TestInvoker.java:673)
at org.testng.internal.invokers.TestInvoker.invokeTestMethod(TestInvoker.java:220)
at org.testng.internal.invokers.MethodRunner.runInSequence(MethodRunner.java:50)
at org.testng.internal.invokers.TestInvoker$MethodInvocationAgent.invoke(TestInvoker.java:945)
at org.testng.internal.invokers.TestInvoker.invokeTestMethods(TestInvoker.java:193)
at org.testng.internal.invokers.TestMethodWorker.invokeTestMethods(TestMethodWorker.java:146)
at org.testng.internal.invokers.TestMethodWorker.run(TestMethodWorker.java:128)
at java.base/java.util.ArrayList.forEach(ArrayList.java:1511)
at org.testng.TestRunner.privateRun(TestRunner.java:808)
at org.testng.TestRunner.run(TestRunner.java:603)
at org.testng.SuiteRunner.runTest(SuiteRunner.java:429)
at org.testng.SuiteRunner.runSequentially(SuiteRunner.java:423)
at org.testng.SuiteRunner.privateRun(SuiteRunner.java:383)
at org.testng.SuiteRunner.run(SuiteRunner.java:326)
at org.testng.SuiteRunnerWorker.runSuite(SuiteRunnerWorker.java:52)
at org.testng.SuiteRunnerWorker.run(SuiteRunnerWorker.java:95)
at org.testng.TestNG.runSuitesSequentially(TestNG.java:1249)
at org.testng.TestNG.runSuitesLocally(TestNG.java:1169)
at org.testng.TestNG.runSuites(TestNG.java:1092)
at org.testng.TestNG.run(TestNG.java:1060)
at org.testng.remote.AbstractRemoteTestNG.run(AbstractRemoteTestNG.java:115)
at org.testng.remote.RemoteTestNG.initAndRun(RemoteTestNG.java:251)
at org.testng.remote.RemoteTestNG.main(RemoteTestNG.java:77)
]]>
            </full-stacktrace>
          </exception> <!-- org.openqa.selenium.ElementNotInteractableException -->
          <reporter-output>
          </reporter-output>
        </test-method> <!-- loginWithFireFox -->
      </class> <!-- com.parallel.practice.GroupTest -->
    </test> <!-- Test -->
  </suite> <!-- Suite -->
</testng-results>
